Discos_VR/Library/Bee/Android/Prj/IL2CPP/Gradle/unityLibrary/build/intermediates/manifest_merge_blame_file/release/manifest-merger-blame-release-report.txt
1<?xml version="1.0" encoding="utf-8"?>
2<manifest xmlns:android="http://schemas.android.com/apk/res/android"
3    xmlns:tools="http://schemas.android.com/tools"
4    package="com.unity3d.player"
5    android:installLocation="auto"
6    android:versionCode="1"
7    android:versionName="0.1" >
8
9    <uses-sdk
10        android:minSdkVersion="23"
10-->src\main\AndroidManifest.xml
11        android:targetSdkVersion="30" />
11-->src\main\AndroidManifest.xml
12
13    <uses-feature android:glEsVersion="0x00030000" />
13-->src\main\AndroidManifest.xml:23:3-52
13-->src\main\AndroidManifest.xml:23:17-49
14
15    <uses-permission android:name="android.permission.INTERNET" />
15-->src\main\AndroidManifest.xml:24:3-65
15-->src\main\AndroidManifest.xml:24:20-62
16    <uses-permission android:name="android.permission.ACCESS_NETWORK_STATE" />
16-->src\main\AndroidManifest.xml:25:3-77
16-->src\main\AndroidManifest.xml:25:20-74
17    <uses-permission android:name="android.permission.RECORD_AUDIO" />
17-->src\main\AndroidManifest.xml:26:3-69
17-->src\main\AndroidManifest.xml:26:20-66
18    <uses-permission android:name="android.permission.MODIFY_AUDIO_SETTINGS" />
18-->src\main\AndroidManifest.xml:27:3-78
18-->src\main\AndroidManifest.xml:27:20-75
19
20    <uses-feature
20-->src\main\AndroidManifest.xml:28:3-87
21        android:name="android.hardware.microphone"
21-->src\main\AndroidManifest.xml:28:17-59
22        android:required="false" />
22-->src\main\AndroidManifest.xml:28:60-84
23    <uses-feature
23-->src\main\AndroidManifest.xml:29:3-97
24        android:name="android.hardware.sensor.accelerometer"
24-->src\main\AndroidManifest.xml:29:17-69
25        android:required="false" />
25-->src\main\AndroidManifest.xml:29:70-94
26    <uses-feature
26-->src\main\AndroidManifest.xml:30:3-88
27        android:name="android.hardware.touchscreen"
27-->src\main\AndroidManifest.xml:30:17-60
28        android:required="false" />
28-->src\main\AndroidManifest.xml:30:61-85
29    <uses-feature
29-->src\main\AndroidManifest.xml:31:3-99
30        android:name="android.hardware.touchscreen.multitouch"
30-->src\main\AndroidManifest.xml:31:17-71
31        android:required="false" />
31-->src\main\AndroidManifest.xml:31:72-96
32    <uses-feature
32-->src\main\AndroidManifest.xml:32:3-108
33        android:name="android.hardware.touchscreen.multitouch.distinct"
33-->src\main\AndroidManifest.xml:32:17-80
34        android:required="false" />
34-->src\main\AndroidManifest.xml:32:81-105
35
36    <uses-permission android:name="android.permission.CAMERA" />
36-->src\main\AndroidManifest.xml:33:3-63
36-->src\main\AndroidManifest.xml:33:20-60
37
38    <uses-feature android:name="android.hardware.camera" />
38-->src\main\AndroidManifest.xml:34:3-58
38-->src\main\AndroidManifest.xml:34:17-55
39
40    <uses-permission android:name="android.permission.MICROPHONE" />
40-->src\main\AndroidManifest.xml:35:3-67
40-->src\main\AndroidManifest.xml:35:20-64
41    <uses-permission android:name="android.permission.READ_EXTERNAL_STORAGE" />
41-->src\main\AndroidManifest.xml:36:3-78
41-->src\main\AndroidManifest.xml:36:20-75
42    <uses-permission android:name="android.permission.Write_EXTERNAL_STORAGE" />
42-->src\main\AndroidManifest.xml:37:3-79
42-->src\main\AndroidManifest.xml:37:20-76
43
44    <uses-feature
44-->src\main\AndroidManifest.xml:38:3-111
45        android:name="android.hardware.vr.headtracking"
45-->src\main\AndroidManifest.xml:38:17-64
46        android:required="true"
46-->src\main\AndroidManifest.xml:38:65-88
47        android:version="1" />
47-->src\main\AndroidManifest.xml:38:89-108
48
49    <application android:extractNativeLibs="true" >
49-->src\main\AndroidManifest.xml:3:3-22:17
49-->src\main\AndroidManifest.xml:3:16-48
50        <activity
50-->src\main\AndroidManifest.xml:4:5-13:16
51            android:name="com.unity3d.player.UnityPlayerActivity"
51-->src\main\AndroidManifest.xml:4:15-68
52            android:configChanges="keyboard|keyboardHidden|navigation|orientation|screenLayout|screenSize|uiMode"
52-->src\main\AndroidManifest.xml:4:204-305
53            android:hardwareAccelerated="True"
53-->src\main\AndroidManifest.xml:4:341-375
54            android:launchMode="singleTask"
54-->src\main\AndroidManifest.xml:4:172-203
55            android:resizeableActivity="false"
55-->src\main\AndroidManifest.xml:4:306-340
56            android:screenOrientation="landscape"
56-->src\main\AndroidManifest.xml:4:134-171
57            android:theme="@android:style/Theme.Black.NoTitleBar.Fullscreen"
57-->src\main\AndroidManifest.xml:4:69-133
58            android:usesCleartextTraffic="True" >
58-->src\main\AndroidManifest.xml:4:376-411
59            <intent-filter>
59-->src\main\AndroidManifest.xml:5:7-9:23
60                <action android:name="android.intent.action.MAIN" />
60-->src\main\AndroidManifest.xml:6:9-61
60-->src\main\AndroidManifest.xml:6:17-58
61
62                <category android:name="android.intent.category.LAUNCHER" />
62-->src\main\AndroidManifest.xml:7:9-69
62-->src\main\AndroidManifest.xml:7:19-66
63                <category android:name="com.oculus.intent.category.VR" />
63-->src\main\AndroidManifest.xml:8:9-66
63-->src\main\AndroidManifest.xml:8:19-63
64            </intent-filter>
65
66            <meta-data
66-->src\main\AndroidManifest.xml:10:7-82
67                android:name="unityplayer.UnityActivity"
67-->src\main\AndroidManifest.xml:10:18-58
68                android:value="true" />
68-->src\main\AndroidManifest.xml:10:59-79
69            <meta-data
69-->src\main\AndroidManifest.xml:11:7-78
70                android:name="android.notch_support"
70-->src\main\AndroidManifest.xml:11:18-54
71                android:value="true" />
71-->src\main\AndroidManifest.xml:11:55-75
72            <meta-data
72-->src\main\AndroidManifest.xml:12:7-81
73                android:name="com.oculus.vr.focusaware"
73-->src\main\AndroidManifest.xml:12:18-57
74                android:value="true" />
74-->src\main\AndroidManifest.xml:12:58-78
75        </activity>
76
77        <meta-data
77-->src\main\AndroidManifest.xml:14:5-69
78            android:name="unity.splash-mode"
78-->src\main\AndroidManifest.xml:14:16-48
79            android:value="0" />
79-->src\main\AndroidManifest.xml:14:49-66
80        <meta-data
80-->src\main\AndroidManifest.xml:15:5-74
81            android:name="unity.splash-enable"
81-->src\main\AndroidManifest.xml:15:16-50
82            android:value="True" />
82-->src\main\AndroidManifest.xml:15:51-71
83        <meta-data
83-->src\main\AndroidManifest.xml:16:5-78
84            android:name="unity.launch-fullscreen"
84-->src\main\AndroidManifest.xml:16:16-54
85            android:value="True" />
85-->src\main\AndroidManifest.xml:16:55-75
86        <meta-data
86-->src\main\AndroidManifest.xml:17:5-84
87            android:name="unity.allow-resizable-window"
87-->src\main\AndroidManifest.xml:17:16-59
88            android:value="False" />
88-->src\main\AndroidManifest.xml:17:60-81
89        <meta-data
89-->src\main\AndroidManifest.xml:18:5-81
90            android:name="notch.config"
90-->src\main\AndroidManifest.xml:18:16-43
91            android:value="portrait|landscape" />
91-->src\main\AndroidManifest.xml:18:44-78
92        <meta-data
92-->src\main\AndroidManifest.xml:19:5-97
93            android:name="com.samsung.android.vr.application.mode"
93-->src\main\AndroidManifest.xml:19:16-70
94            android:value="vr_only" />
94-->src\main\AndroidManifest.xml:19:71-94
95        <meta-data
95-->src\main\AndroidManifest.xml:20:5-91
96            android:name="com.unity.xr.oculus.LowOverheadMode"
96-->src\main\AndroidManifest.xml:20:16-66
97            android:value="false" />
97-->src\main\AndroidManifest.xml:20:67-88
98        <meta-data
98-->src\main\AndroidManifest.xml:21:5-90
99            android:name="com.oculus.supportedDevices"
99-->src\main\AndroidManifest.xml:21:16-58
100            android:value="quest|quest2" />
100-->src\main\AndroidManifest.xml:21:59-87
101    </application>
102
103</manifest>